<?xml version="1.0" encoding="UTF-8"?>
<!-- Generated by org.testng.reporters.JUnitReportReporter -->
<testsuite skipped="0" hostname="DESKTOP-O5P50KD" name="PastbookTestCases.SignIn" tests="1" failures="0" timestamp="15 Sep 2021 04:05:32 GMT" time="11.474" errors="0">
  <testcase name="test_SignIn_Page" time="11.474" classname="PastbookTestCases.SignIn"/>
</testsuite> <!-- PastbookTestCases.SignIn -->
