<?xml version="1.0" encoding="UTF-8"?>
<!-- Generated by org.testng.reporters.JUnitReportReporter -->
<testsuite skipped="0" hostname="DESKTOP-O5P50KD" name="PastbookTestCases.CreatePastbook" tests="3" failures="0" timestamp="15 Sep 2021 10:34:24 GMT" time="23.597" errors="0">
  <testcase name="test_LeftMenu_SignIn" time="0.653" classname="PastbookTestCases.CreatePastbook"/>
  <testcase name="test_Enter_EmailPwd" time="11.316" classname="PastbookTestCases.CreatePastbook"/>
  <testcase name="test_Create_Pastbook" time="11.628" classname="PastbookTestCases.CreatePastbook"/>
</testsuite> <!-- PastbookTestCases.CreatePastbook -->
